[2020-12-05 12:44:18] app.ERROR: The addon with id 29992 does not have name. [] []
[2020-12-05 12:44:18] app.INFO: Protect vendor folder in module contactform [] []
[2020-12-05 12:44:18] app.INFO: Module contactform has no vendor folder [] []
[2020-12-05 12:44:18] app.INFO: Protect vendor folder in module dashactivity [] []
[2020-12-05 12:44:18] app.INFO: Module dashactivity has no vendor folder [] []
[2020-12-05 12:44:18] app.INFO: Protect vendor folder in module dashtrends [] []
[2020-12-05 12:44:18] app.INFO: Module dashtrends has no vendor folder [] []
[2020-12-05 12:44:19] app.INFO: Protect vendor folder in module dashgoals [] []
[2020-12-05 12:44:19] app.INFO: Module dashgoals has no vendor folder [] []
[2020-12-05 12:44:19] app.INFO: Protect vendor folder in module dashproducts [] []
[2020-12-05 12:44:19] app.INFO: Module dashproducts has no vendor folder [] []
[2020-12-05 12:44:19] app.INFO: Protect vendor folder in module graphnvd3 [] []
[2020-12-05 12:44:19] app.INFO: Module graphnvd3 has no vendor folder [] []
[2020-12-05 12:44:19] app.INFO: Protect vendor folder in module gridhtml [] []
[2020-12-05 12:44:19] app.INFO: Module gridhtml has no vendor folder [] []
[2020-12-05 12:44:19] app.INFO: Protect vendor folder in module gsitemap [] []
[2020-12-05 12:44:19] app.INFO: Module gsitemap has no vendor folder [] []
[2020-12-05 12:44:19] app.INFO: Protect vendor folder in module ps_banner [] []
[2020-12-05 12:44:19] app.INFO: Module ps_banner has no vendor folder [] []
[2020-12-05 12:44:19] app.INFO: Protect vendor folder in module ps_categorytree [] []
[2020-12-05 12:44:19] app.INFO: Module ps_categorytree has no vendor folder [] []
[2020-12-05 12:44:19] app.INFO: Protect vendor folder in module ps_checkpayment [] []
[2020-12-05 12:44:20] app.INFO: Module ps_checkpayment has no vendor folder [] []
[2020-12-05 12:44:20] app.INFO: Protect vendor folder in module ps_contactinfo [] []
[2020-12-05 12:44:20] app.INFO: Module ps_contactinfo has no vendor folder [] []
[2020-12-05 12:44:20] app.INFO: Protect vendor folder in module ps_currencyselector [] []
[2020-12-05 12:44:20] app.INFO: Module ps_currencyselector has no vendor folder [] []
[2020-12-05 12:44:20] app.INFO: Protect vendor folder in module ps_customeraccountlinks [] []
[2020-12-05 12:44:20] app.INFO: Module ps_customeraccountlinks has no vendor folder [] []
[2020-12-05 12:44:20] app.INFO: Protect vendor folder in module ps_customersignin [] []
[2020-12-05 12:44:20] app.INFO: Module ps_customersignin has no vendor folder [] []
[2020-12-05 12:44:20] app.INFO: Protect vendor folder in module ps_customtext [] []
[2020-12-05 12:44:20] app.INFO: Module ps_customtext has no vendor folder [] []
[2020-12-05 12:44:20] app.INFO: Protect vendor folder in module ps_emailsubscription [] []
[2020-12-05 12:44:20] app.INFO: Module ps_emailsubscription has no vendor folder [] []
[2020-12-05 12:44:21] app.INFO: Protect vendor folder in module ps_facetedsearch [] []
[2020-12-05 12:44:21] app.INFO: Module ps_facetedsearch has no vendor folder [] []
[2020-12-05 12:44:21] app.INFO: Protect vendor folder in module ps_faviconnotificationbo [] []
[2020-12-05 12:44:21] app.INFO: Module ps_faviconnotificationbo has no vendor folder [] []
[2020-12-05 12:44:21] app.INFO: Protect vendor folder in module ps_featuredproducts [] []
[2020-12-05 12:44:21] app.INFO: Module ps_featuredproducts has no vendor folder [] []
[2020-12-05 12:44:22] app.INFO: Protect vendor folder in module ps_imageslider [] []
[2020-12-05 12:44:22] app.INFO: Module ps_imageslider has no vendor folder [] []
[2020-12-05 12:44:22] app.INFO: Protect vendor folder in module ps_languageselector [] []
[2020-12-05 12:44:22] app.INFO: Module ps_languageselector has no vendor folder [] []
[2020-12-05 12:44:22] app.INFO: Protect vendor folder in module ps_linklist [] []
[2020-12-05 12:44:22] app.INFO: Module ps_linklist has no vendor folder [] []
[2020-12-05 12:44:22] app.ERROR: Class "AdminLinkWidgetController" not found in controllers/admin [] []
[2020-12-05 12:44:22] app.INFO: Protect vendor folder in module ps_mainmenu [] []
[2020-12-05 12:44:22] app.INFO: Module ps_mainmenu has no vendor folder [] []
[2020-12-05 12:44:22] app.INFO: Protect vendor folder in module ps_searchbar [] []
[2020-12-05 12:44:22] app.INFO: Module ps_searchbar has no vendor folder [] []
[2020-12-05 12:44:23] app.INFO: Protect vendor folder in module ps_sharebuttons [] []
[2020-12-05 12:44:23] app.INFO: Module ps_sharebuttons has no vendor folder [] []
[2020-12-05 12:44:23] app.INFO: Protect vendor folder in module ps_shoppingcart [] []
[2020-12-05 12:44:23] app.INFO: Module ps_shoppingcart has no vendor folder [] []
[2020-12-05 12:44:23] app.INFO: Protect vendor folder in module ps_socialfollow [] []
[2020-12-05 12:44:23] app.INFO: Module ps_socialfollow has no vendor folder [] []
[2020-12-05 12:44:23] app.INFO: Protect vendor folder in module ps_themecusto [] []
[2020-12-05 12:44:23] app.INFO: Module ps_themecusto has no vendor folder [] []
[2020-12-05 12:44:23] app.INFO: Protect vendor folder in module ps_wirepayment [] []
[2020-12-05 12:44:23] app.INFO: Module ps_wirepayment has no vendor folder [] []
[2020-12-05 12:44:23] app.INFO: Protect vendor folder in module pagesnotfound [] []
[2020-12-05 12:44:23] app.INFO: Module pagesnotfound has no vendor folder [] []
[2020-12-05 12:44:23] app.INFO: Protect vendor folder in module sekeywords [] []
[2020-12-05 12:44:23] app.INFO: Module sekeywords has no vendor folder [] []
[2020-12-05 12:44:23] app.INFO: Protect vendor folder in module statsbestcategories [] []
[2020-12-05 12:44:23] app.INFO: Module statsbestcategories has no vendor folder [] []
[2020-12-05 12:44:24] app.INFO: Protect vendor folder in module statsbestcustomers [] []
[2020-12-05 12:44:24] app.INFO: Module statsbestcustomers has no vendor folder [] []
[2020-12-05 12:44:24] app.INFO: Protect vendor folder in module statsbestproducts [] []
[2020-12-05 12:44:24] app.INFO: Module statsbestproducts has no vendor folder [] []
[2020-12-05 12:44:24] app.INFO: Protect vendor folder in module statsbestsuppliers [] []
[2020-12-05 12:44:24] app.INFO: Module statsbestsuppliers has no vendor folder [] []
[2020-12-05 12:44:24] app.INFO: Protect vendor folder in module statsbestvouchers [] []
[2020-12-05 12:44:24] app.INFO: Module statsbestvouchers has no vendor folder [] []
[2020-12-05 12:44:24] app.INFO: Protect vendor folder in module statscarrier [] []
[2020-12-05 12:44:24] app.INFO: Module statscarrier has no vendor folder [] []
[2020-12-05 12:44:24] app.INFO: Protect vendor folder in module statscatalog [] []
[2020-12-05 12:44:24] app.INFO: Module statscatalog has no vendor folder [] []
[2020-12-05 12:44:24] app.INFO: Protect vendor folder in module statscheckup [] []
[2020-12-05 12:44:24] app.INFO: Module statscheckup has no vendor folder [] []
[2020-12-05 12:44:24] app.INFO: Protect vendor folder in module statsdata [] []
[2020-12-05 12:44:24] app.INFO: Module statsdata has no vendor folder [] []
[2020-12-05 12:44:24] app.INFO: Protect vendor folder in module statsequipment [] []
[2020-12-05 12:44:24] app.INFO: Module statsequipment has no vendor folder [] []
[2020-12-05 12:44:24] app.INFO: Protect vendor folder in module statsforecast [] []
[2020-12-05 12:44:24] app.INFO: Module statsforecast has no vendor folder [] []
[2020-12-05 12:44:24] app.INFO: Protect vendor folder in module statslive [] []
[2020-12-05 12:44:24] app.INFO: Module statslive has no vendor folder [] []
[2020-12-05 12:44:24] app.INFO: Protect vendor folder in module statsnewsletter [] []
[2020-12-05 12:44:24] app.INFO: Module statsnewsletter has no vendor folder [] []
[2020-12-05 12:44:25] app.INFO: Protect vendor folder in module statsorigin [] []
[2020-12-05 12:44:25] app.INFO: Module statsorigin has no vendor folder [] []
[2020-12-05 12:44:25] app.INFO: Protect vendor folder in module statspersonalinfos [] []
[2020-12-05 12:44:25] app.INFO: Module statspersonalinfos has no vendor folder [] []
[2020-12-05 12:44:25] app.INFO: Protect vendor folder in module statsproduct [] []
[2020-12-05 12:44:25] app.INFO: Module statsproduct has no vendor folder [] []
[2020-12-05 12:44:25] app.INFO: Protect vendor folder in module statsregistrations [] []
[2020-12-05 12:44:25] app.INFO: Module statsregistrations has no vendor folder [] []
[2020-12-05 12:44:25] app.INFO: Protect vendor folder in module statssales [] []
[2020-12-05 12:44:25] app.INFO: Module statssales has no vendor folder [] []
[2020-12-05 12:44:25] app.INFO: Protect vendor folder in module statssearch [] []
[2020-12-05 12:44:25] app.INFO: Module statssearch has no vendor folder [] []
[2020-12-05 12:44:25] app.INFO: Protect vendor folder in module statsstock [] []
[2020-12-05 12:44:25] app.INFO: Module statsstock has no vendor folder [] []
[2020-12-05 12:44:25] app.INFO: Protect vendor folder in module statsvisits [] []
[2020-12-05 12:44:25] app.INFO: Module statsvisits has no vendor folder [] []
[2020-12-05 12:44:25] app.INFO: Protect vendor folder in module welcome [] []
[2020-12-05 12:44:26] app.INFO: Exporting mail with theme modern for language Polski (Polish) [] []
[2020-12-05 12:44:26] app.INFO: Core output folder: /home/legion/serwerphp/centrummateracy/mails [] []
[2020-12-05 12:44:26] app.INFO: Modules output folder: /home/legion/serwerphp/centrummateracy/modules/ [] []
[2020-12-05 12:44:34] app.ERROR: The addon with id 29992 does not have name. [] []
[2020-12-05 12:44:35] app.INFO: Protect vendor folder in module gamification [] []
[2020-12-05 12:44:35] app.INFO: Protect vendor folder in module emarketing [] []
[2020-12-05 12:44:35] app.INFO: Protect vendor folder in module psaddonsconnect [] []
[2020-12-05 12:44:36] app.INFO: Protect vendor folder in module psgdpr [] []
[2020-12-05 12:44:36] app.INFO: Protect vendor folder in module ps_mbo [] []
[2020-12-05 12:44:36] app.INFO: Protect vendor folder in module ps_buybuttonlite [] []
[2020-12-05 12:44:38] app.INFO: Exporting mail with theme modern for language Polski (Polish) [] []
[2020-12-05 12:44:38] app.INFO: Core output folder: /home/legion/serwerphp/centrummateracy/mails [] []
[2020-12-05 12:44:38] app.INFO: Modules output folder: /home/legion/serwerphp/centrummateracy/modules/ [] []
[2020-12-05 12:44:40] app.ERROR: The addon with id 29992 does not have name. [] []
[2020-12-05 12:44:41] app.INFO: Protect vendor folder in module blockreassurance [] []
[2020-12-05 12:44:41] app.INFO: Module blockreassurance has no vendor folder [] []
[2020-12-05 12:44:55] app.ERROR: The addon with id 29992 does not have name. [] []
[2020-12-05 12:44:56] app.INFO: Protect vendor folder in module ps_facetedsearch [] []
[2020-12-05 12:44:56] app.INFO: Module ps_facetedsearch has no vendor folder [] []
[2020-12-05 12:46:49] request.INFO: Matched route "admin_module_manage". {"route":"admin_module_manage","route_parameters":{"category":null,"keyword":null,"_controller":"PrestaShopBundle\\Controller\\Admin\\Improve\\ModuleController::manageAction","_legacy_controller":"AdminModulesManage","_legacy_link":["AdminModulesManage","AdminModulesSf"],"_route":"admin_module_manage"},"request_uri":"http://centrummateracy.com/psadmin/index.php/improve/modules/manage?_token=paWBLj5LAQfDQBRzvk4Jd81tADrj9IjpXh2QwqBOpYI","method":"GET"} []
[2020-12-05 12:46:49] security.DEBUG: Read existing security token from the session. {"key":"_security_main","token_class":"Symfony\\Component\\Security\\Core\\Authentication\\Token\\UsernamePasswordToken"} []
[2020-12-05 12:46:49] security.DEBUG: User was reloaded from a user provider. {"provider":"PrestaShopBundle\\Security\\Admin\\EmployeeProvider","username":"mateuszc515@gmail.com"} []
[2020-12-05 12:46:51] app.ERROR: The addon with id 29992 does not have name. [] []
[2020-12-05 12:46:51] security.DEBUG: Stored the security token in the session. {"key":"_security_main"} []
[2020-12-05 12:49:52] request.INFO: Matched route "admin_module_manage". {"route":"admin_module_manage","route_parameters":{"category":null,"keyword":null,"_controller":"PrestaShopBundle\\Controller\\Admin\\Improve\\ModuleController::manageAction","_legacy_controller":"AdminModulesManage","_legacy_link":["AdminModulesManage","AdminModulesSf"],"_route":"admin_module_manage"},"request_uri":"http://centrummateracy.com/psadmin/index.php/improve/modules/manage?_token=paWBLj5LAQfDQBRzvk4Jd81tADrj9IjpXh2QwqBOpYI","method":"GET"} []
[2020-12-05 12:49:52] security.DEBUG: Read existing security token from the session. {"key":"_security_main","token_class":"Symfony\\Component\\Security\\Core\\Authentication\\Token\\UsernamePasswordToken"} []
[2020-12-05 12:49:52] security.DEBUG: User was reloaded from a user provider. {"provider":"PrestaShopBundle\\Security\\Admin\\EmployeeProvider","username":"mateuszc515@gmail.com"} []
[2020-12-05 12:49:53] app.ERROR: The addon with id 29992 does not have name. [] []
[2020-12-05 12:49:54] security.DEBUG: Stored the security token in the session. {"key":"_security_main"} []
[2020-12-05 21:55:05] request.INFO: Matched route "admin_module_configure_action". {"route":"admin_module_configure_action","route_parameters":{"_controller":"PrestaShopBundle\\Controller\\Admin\\Improve\\ModuleController::configureModuleAction","_legacy_controller":"AdminModules","module_name":"labspecialsproducts","_route":"admin_module_configure_action"},"request_uri":"http://centrummateracy.com/psadmin/index.php/improve/modules/manage/action/configure/labspecialsproducts?_token=paWBLj5LAQfDQBRzvk4Jd81tADrj9IjpXh2QwqBOpYI","method":"GET"} []
[2020-12-05 21:55:05] security.DEBUG: Read existing security token from the session. {"key":"_security_main","token_class":"Symfony\\Component\\Security\\Core\\Authentication\\Token\\UsernamePasswordToken"} []
[2020-12-05 21:55:05] security.DEBUG: User was reloaded from a user provider. {"provider":"PrestaShopBundle\\Security\\Admin\\EmployeeProvider","username":"mateuszc515@gmail.com"} []
[2020-12-05 21:55:05] app.ERROR: The addon with id 29992 does not have name. [] []
[2020-12-05 21:55:06] security.DEBUG: Stored the security token in the session. {"key":"_security_main"} []
[2020-12-06 09:26:06] request.INFO: Matched route "admin_module_configure_action". {"route":"admin_module_configure_action","route_parameters":{"_controller":"PrestaShopBundle\\Controller\\Admin\\Improve\\ModuleController::configureModuleAction","_legacy_controller":"AdminModules","module_name":"ps_specials","_route":"admin_module_configure_action"},"request_uri":"http://centrummateracy.com/psadmin/index.php/improve/modules/manage/action/configure/ps_specials?_token=Q67OoOxFe1uVl7hCHu1naM5-Bft6KShw7NyBebeby4w","method":"GET"} []
[2020-12-06 09:26:06] security.DEBUG: Read existing security token from the session. {"key":"_security_main","token_class":"Symfony\\Component\\Security\\Core\\Authentication\\Token\\UsernamePasswordToken"} []
[2020-12-06 09:26:06] security.DEBUG: User was reloaded from a user provider. {"provider":"PrestaShopBundle\\Security\\Admin\\EmployeeProvider","username":"mateuszc515@gmail.com"} []
[2020-12-06 09:26:06] app.ERROR: The addon with id 29992 does not have name. [] []
[2020-12-06 09:26:07] security.DEBUG: Stored the security token in the session. {"key":"_security_main"} []
[2020-12-06 11:43:15] request.INFO: Matched route "admin_module_configure_action". {"route":"admin_module_configure_action","route_parameters":{"_controller":"PrestaShopBundle\\Controller\\Admin\\Improve\\ModuleController::configureModuleAction","_legacy_controller":"AdminModules","module_name":"psproductcountdown","_route":"admin_module_configure_action"},"request_uri":"http://centrummateracy.com/psadmin/index.php/improve/modules/manage/action/configure/psproductcountdown?_token=k2ixQmD0g4w8Zo-lZM_Wc1T3XL4ZJekPXTqtr5TaCuI","method":"GET"} []
[2020-12-06 11:43:15] security.DEBUG: Read existing security token from the session. {"key":"_security_main","token_class":"Symfony\\Component\\Security\\Core\\Authentication\\Token\\UsernamePasswordToken"} []
[2020-12-06 11:43:15] security.DEBUG: User was reloaded from a user provider. {"provider":"PrestaShopBundle\\Security\\Admin\\EmployeeProvider","username":"mateuszc515@gmail.com"} []
[2020-12-06 11:43:16] app.ERROR: The addon with id 29992 does not have name. [] []
[2020-12-06 11:43:16] security.DEBUG: Stored the security token in the session. {"key":"_security_main"} []
[2020-12-06 11:47:18] request.INFO: Matched route "admin_module_manage". {"route":"admin_module_manage","route_parameters":{"category":null,"keyword":null,"_controller":"PrestaShopBundle\\Controller\\Admin\\Improve\\ModuleController::manageAction","_legacy_controller":"AdminModulesManage","_legacy_link":["AdminModulesManage","AdminModulesSf"],"_route":"admin_module_manage"},"request_uri":"http://centrummateracy.com/psadmin/index.php/improve/modules/manage?_token=k2ixQmD0g4w8Zo-lZM_Wc1T3XL4ZJekPXTqtr5TaCuI","method":"GET"} []
[2020-12-06 11:47:18] security.DEBUG: Read existing security token from the session. {"key":"_security_main","token_class":"Symfony\\Component\\Security\\Core\\Authentication\\Token\\UsernamePasswordToken"} []
[2020-12-06 11:47:18] security.DEBUG: User was reloaded from a user provider. {"provider":"PrestaShopBundle\\Security\\Admin\\EmployeeProvider","username":"mateuszc515@gmail.com"} []
[2020-12-06 11:47:18] app.ERROR: The addon with id 29992 does not have name. [] []
[2020-12-06 11:47:19] security.DEBUG: Stored the security token in the session. {"key":"_security_main"} []
[2020-12-06 12:49:51] request.INFO: Matched route "admin_module_manage". {"route":"admin_module_manage","route_parameters":{"category":null,"keyword":null,"_controller":"PrestaShopBundle\\Controller\\Admin\\Improve\\ModuleController::manageAction","_legacy_controller":"AdminModulesManage","_legacy_link":["AdminModulesManage","AdminModulesSf"],"_route":"admin_module_manage"},"request_uri":"http://centrummateracy.com/psadmin/index.php/improve/modules/manage?_token=k2ixQmD0g4w8Zo-lZM_Wc1T3XL4ZJekPXTqtr5TaCuI","method":"GET"} []
[2020-12-06 12:49:51] security.DEBUG: Read existing security token from the session. {"key":"_security_main","token_class":"Symfony\\Component\\Security\\Core\\Authentication\\Token\\UsernamePasswordToken"} []
[2020-12-06 12:49:51] security.DEBUG: User was reloaded from a user provider. {"provider":"PrestaShopBundle\\Security\\Admin\\EmployeeProvider","username":"mateuszc515@gmail.com"} []
[2020-12-06 12:49:51] app.ERROR: The addon with id 29992 does not have name. [] []
[2020-12-06 12:49:52] security.DEBUG: Stored the security token in the session. {"key":"_security_main"} []
[2020-12-06 16:14:25] request.INFO: Matched route "admin_international_translations_show_settings". {"route":"admin_international_translations_show_settings","route_parameters":{"_controller":"PrestaShopBundle\\Controller\\Admin\\TranslationsController::showSettingsAction","_legacy_controller":"AdminTranslations","_legacy_link":"AdminTranslations:settings","_route":"admin_international_translations_show_settings"},"request_uri":"http://centrummateracy.com/psadmin/index.php/improve/international/translations/settings?_token=k2ixQmD0g4w8Zo-lZM_Wc1T3XL4ZJekPXTqtr5TaCuI","method":"GET"} []
[2020-12-06 16:14:25] security.DEBUG: Read existing security token from the session. {"key":"_security_main","token_class":"Symfony\\Component\\Security\\Core\\Authentication\\Token\\UsernamePasswordToken"} []
[2020-12-06 16:14:25] security.DEBUG: User was reloaded from a user provider. {"provider":"PrestaShopBundle\\Security\\Admin\\EmployeeProvider","username":"mateuszc515@gmail.com"} []
[2020-12-06 16:14:25] app.ERROR: The addon with id 29992 does not have name. [] []
[2020-12-06 16:14:26] security.DEBUG: Stored the security token in the session. {"key":"_security_main"} []
[2020-12-06 17:55:20] request.INFO: Matched route "admin_module_manage_action". {"route":"admin_module_manage_action","route_parameters":{"_controller":"PrestaShopBundle\\Controller\\Admin\\Improve\\ModuleController::moduleAction","action":"disable","module_name":"ps_searchbar","_route":"admin_module_manage_action"},"request_uri":"http://centrummateracy.com/psadmin/index.php/improve/modules/manage/action/disable/ps_searchbar?_token=k2ixQmD0g4w8Zo-lZM_Wc1T3XL4ZJekPXTqtr5TaCuI","method":"POST"} []
[2020-12-06 17:55:20] security.DEBUG: Read existing security token from the session. {"key":"_security_main","token_class":"Symfony\\Component\\Security\\Core\\Authentication\\Token\\UsernamePasswordToken"} []
[2020-12-06 17:55:20] security.DEBUG: User was reloaded from a user provider. {"provider":"PrestaShopBundle\\Security\\Admin\\EmployeeProvider","username":"mateuszc515@gmail.com"} []
[2020-12-06 17:55:20] app.ERROR: The addon with id 29992 does not have name. [] []
[2020-12-06 17:55:20] security.DEBUG: Stored the security token in the session. {"key":"_security_main"} []
[2020-12-06 17:57:04] request.INFO: Matched route "admin_module_configure_action". {"route":"admin_module_configure_action","route_parameters":{"_controller":"PrestaShopBundle\\Controller\\Admin\\Improve\\ModuleController::configureModuleAction","_legacy_controller":"AdminModules","module_name":"iqitsearch","_route":"admin_module_configure_action"},"request_uri":"http://centrummateracy.com/psadmin/index.php/improve/modules/manage/action/configure/iqitsearch?_token=k2ixQmD0g4w8Zo-lZM_Wc1T3XL4ZJekPXTqtr5TaCuI","method":"GET"} []
[2020-12-06 17:57:04] security.DEBUG: Read existing security token from the session. {"key":"_security_main","token_class":"Symfony\\Component\\Security\\Core\\Authentication\\Token\\UsernamePasswordToken"} []
[2020-12-06 17:57:04] security.DEBUG: User was reloaded from a user provider. {"provider":"PrestaShopBundle\\Security\\Admin\\EmployeeProvider","username":"mateuszc515@gmail.com"} []
[2020-12-06 17:57:05] app.ERROR: The addon with id 29992 does not have name. [] []
[2020-12-06 17:57:05] security.DEBUG: Stored the security token in the session. {"key":"_security_main"} []
